<?xml version="1.0" encoding="UTF-8"?>
<!-- Generated by org.testng.reporters.JUnitReportReporter -->
<testsuite hostname="DESKTOP-NJMF2GL" failures="0" tests="1" name="Com.SacuceDemoTESTclass.TC002_VarifyLogOutFuctionality" time="15.431" errors="0" timestamp="02 Sep 2022 11:38:22 GMT" skipped="0">
  <testcase classname="Com.SacuceDemoTESTclass.TC002_VarifyLogOutFuctionality" name="logOutfuctionality" time="15.431"/>
</testsuite> <!-- Com.SacuceDemoTESTclass.TC002_VarifyLogOutFuctionality -->
