<?xml version="1.0" encoding="UTF-8"?>
<!-- Generated by org.testng.reporters.JUnitReportReporter -->
<testsuite hostname="DESKTOP-NJMF2GL" failures="0" tests="1" name="Com.SacuceDemoTESTclass.TC006_VarifyoneProductAddedTocart" time="14.192" errors="0" timestamp="02 Sep 2022 11:38:22 GMT" skipped="0">
  <testcase classname="Com.SacuceDemoTESTclass.TC006_VarifyoneProductAddedTocart" name="oneProductAddToCard" time="14.192"/>
</testsuite> <!-- Com.SacuceDemoTESTclass.TC006_VarifyoneProductAddedTocart -->
