<?xml version="1.0" encoding="UTF-8"?>
<!-- Generated by org.testng.reporters.JUnitReportReporter -->
<testsuite hostname="DESKTOP-NJMF2GL" failures="0" tests="1" name="Com.SacuceDemoTESTclass.TC001_VarifyLogInFuctionality" time="14.068" errors="0" timestamp="02 Sep 2022 11:38:22 GMT" skipped="0">
  <testcase classname="Com.SacuceDemoTESTclass.TC001_VarifyLogInFuctionality" name="logInfunctionality" time="14.068"/>
</testsuite> <!-- Com.SacuceDemoTESTclass.TC001_VarifyLogInFuctionality -->
